


ARM Macro Assembler    Page 1 


    1 00000000         ;/******************************************************
                       ********************//**
    2 00000000         ; * @file     startup_LPC11Uxx.s
    3 00000000         ; * @brief    CMSIS Cortex-M0 Core Device Startup File f
                       or
    4 00000000         ; *           NXP LPC11Uxx Device Series
    5 00000000         ; * @version  V1.13
    6 00000000         ; * @date     29. August 2013
    7 00000000         ; *
    8 00000000         ; * @note
    9 00000000         ; * Copyright (C) 2012 ARM Limited. All rights reserved.
                       
   10 00000000         ; *
   11 00000000         ; * @par
   12 00000000         ; * ARM Limited (ARM) is supplying this software for use
                        with Cortex-M
   13 00000000         ; * processor based microcontrollers.  This file can be 
                       freely distributed
   14 00000000         ; * within development tools that are supporting such AR
                       M based processors.
   15 00000000         ; *
   16 00000000         ; * @par
   17 00000000         ; * THIS SOFTWARE IS PROVIDED "AS IS".  NO WARRANTIES, W
                       HETHER EXPRESS, IMPLIED
   18 00000000         ; * OR STATUTORY, INCLUDING, BUT NOT LIMITED TO, IMPLIED
                        WARRANTIES OF
   19 00000000         ; * MERCHANTABILITY AND FITNESS FOR A PARTICULAR PURPOSE
                        APPLY TO THIS SOFTWARE.
   20 00000000         ; * ARM SHALL NOT, IN ANY CIRCUMSTANCES, BE LIABLE FOR S
                       PECIAL, INCIDENTAL, OR
   21 00000000         ; * CONSEQUENTIAL DAMAGES, FOR ANY REASON WHATSOEVER.
   22 00000000         ; *
   23 00000000         ; ******************************************************
                       ************************/
   24 00000000         
   25 00000000         ; *------- <<< Use Configuration Wizard in Context Menu 
                       >>> ------------------
   26 00000000         
   27 00000000         ; <h> Stack Configuration
   28 00000000         ;   <o> Stack Size (in Bytes) <0x0-0xFFFFFFFF:8>
   29 00000000         ; </h>
   30 00000000         
   31 00000000 00000200 
                       Stack_Size
                               EQU              0x00000200
   32 00000000         
   33 00000000                 AREA             STACK, NOINIT, READWRITE, ALIGN
=3
   34 00000000         Stack_Mem
                               SPACE            Stack_Size
   35 00000200         __initial_sp
   36 00000200         
   37 00000200         
   38 00000200         ; <h> Heap Configuration
   39 00000200         ;   <o>  Heap Size (in Bytes) <0x0-0xFFFFFFFF:8>
   40 00000200         ; </h>
   41 00000200         
   42 00000200 00000000 
                       Heap_Size



ARM Macro Assembler    Page 2 


                               EQU              0x00000000
   43 00000200         
   44 00000200                 AREA             HEAP, NOINIT, READWRITE, ALIGN=
3
   45 00000000         __heap_base
   46 00000000         Heap_Mem
                               SPACE            Heap_Size
   47 00000000         __heap_limit
   48 00000000         
   49 00000000         
   50 00000000                 PRESERVE8
   51 00000000                 THUMB
   52 00000000         
   53 00000000         
   54 00000000         ; Vector Table Mapped to Address 0 at Reset
   55 00000000         
   56 00000000                 AREA             RESET, DATA, READONLY
   57 00000000                 EXPORT           __Vectors
   58 00000000         
   59 00000000 00000000 
                       __Vectors
                               DCD              __initial_sp ; Top of Stack
   60 00000004 00000000        DCD              Reset_Handler ; Reset Handler
   61 00000008 00000000        DCD              NMI_Handler ; NMI Handler
   62 0000000C 00000000        DCD              HardFault_Handler ; Hard Fault 
                                                            Handler
   63 00000010 00000000        DCD              0           ; Reserved
   64 00000014 00000000        DCD              0           ; Reserved
   65 00000018 00000000        DCD              0           ; Reserved
   66 0000001C 00000000        DCD              0           ; Reserved
   67 00000020 00000000        DCD              0           ; Reserved
   68 00000024 00000000        DCD              0           ; Reserved
   69 00000028 00000000        DCD              0           ; Reserved
   70 0000002C 00000000        DCD              SVC_Handler ; SVCall Handler
   71 00000030 00000000        DCD              0           ; Reserved
   72 00000034 00000000        DCD              0           ; Reserved
   73 00000038 00000000        DCD              PendSV_Handler ; PendSV Handler
                                                            
   74 0000003C 00000000        DCD              SysTick_Handler 
                                                            ; SysTick Handler
   75 00000040         
   76 00000040         ; External Interrupts
   77 00000040 00000000        DCD              FLEX_INT0_IRQHandler ; 16+ 0: A
                                                            ll GPIO pin can be 
                                                            routed to FLEX_INTx
                                                            
   78 00000044 00000000        DCD              FLEX_INT1_IRQHandler ; 16+ 1: P
                                                            in interrupt
   79 00000048 00000000        DCD              FLEX_INT2_IRQHandler ; 16+ 2: P
                                                            in interrupt
   80 0000004C 00000000        DCD              FLEX_INT3_IRQHandler ; 16+ 3: P
                                                            in interrupt
   81 00000050 00000000        DCD              FLEX_INT4_IRQHandler ; 16+ 4: P
                                                            in interrupt
   82 00000054 00000000        DCD              FLEX_INT5_IRQHandler ; 16+ 5: P
                                                            in interrupt
   83 00000058 00000000        DCD              FLEX_INT6_IRQHandler ; 16+ 6: P
                                                            in interrupt
   84 0000005C 00000000        DCD              FLEX_INT7_IRQHandler ; 16+ 7: P



ARM Macro Assembler    Page 3 


                                                            in interrupt
   85 00000060 00000000        DCD              GINT0_IRQHandler ; 16+ 8: Port 
                                                            interrupt
   86 00000064 00000000        DCD              GINT1_IRQHandler ; 16+ 9: Port 
                                                            interrupt
   87 00000068 00000000        DCD              Reserved_IRQHandler 
                                                            ; 16+10: Reserved
   88 0000006C 00000000        DCD              Reserved_IRQHandler 
                                                            ; 16+11: Reserved
   89 00000070 00000000        DCD              Reserved_IRQHandler 
                                                            ; 16+12: Reserved
   90 00000074 00000000        DCD              Reserved_IRQHandler 
                                                            ; 16+13: Reserved
   91 00000078 00000000        DCD              SSP1_IRQHandler ; 16+14: SSP1
   92 0000007C 00000000        DCD              I2C_IRQHandler ; 16+15: I2C
   93 00000080 00000000        DCD              TIMER16_0_IRQHandler ; 16+16: 1
                                                            6-bit Timer0
   94 00000084 00000000        DCD              TIMER16_1_IRQHandler ; 16+17: 1
                                                            6-bit Timer1
   95 00000088 00000000        DCD              TIMER32_0_IRQHandler ; 16+18: 3
                                                            2-bit Timer0
   96 0000008C 00000000        DCD              TIMER32_1_IRQHandler ; 16+19: 3
                                                            2-bit Timer1
   97 00000090 00000000        DCD              SSP0_IRQHandler ; 16+20: SSP0
   98 00000094 00000000        DCD              UART_IRQHandler ; 16+21: UART
   99 00000098 00000000        DCD              USB_IRQHandler ; 16+22: USB IRQ
                                                            
  100 0000009C 00000000        DCD              USB_FIQHandler ; 16+23: USB FIQ
                                                            
  101 000000A0 00000000        DCD              ADC_IRQHandler ; 16+24: A/D Con
                                                            verter
  102 000000A4 00000000        DCD              WDT_IRQHandler ; 16+25: Watchdo
                                                            g Timer
  103 000000A8 00000000        DCD              BOD_IRQHandler ; 16+26: Brown O
                                                            ut Detect
  104 000000AC 00000000        DCD              FMC_IRQHandler ; 16+27: IP2111 
                                                            Flash Memory Contro
                                                            ller
  105 000000B0 00000000        DCD              Reserved_IRQHandler 
                                                            ; 16+28: Reserved
  106 000000B4 00000000        DCD              Reserved_IRQHandler 
                                                            ; 16+29: Reserved
  107 000000B8 00000000        DCD              USBWakeup_IRQHandler ; 16+30: U
                                                            SB wake up
  108 000000BC 00000000        DCD              IOH_IRQHandler ; 16+31: I/O Han
                                                            dler
  109 000000C0         
  110 000000C0         ; <h> Code Read Protection
  111 000000C0         ;   <o> Code Read Protection  <0xFFFFFFFF=>CRP Disabled
  112 000000C0         ;                             <0x12345678=>CRP Level 1
  113 000000C0         ;                             <0x87654321=>CRP Level 2
  114 000000C0         ;                             <0x43218765=>CRP Level 3 (
                       ARE YOU SURE?)
  115 000000C0         ;                             <0x4E697370=>NO ISP (ARE Y
                       OU SURE?)
  116 000000C0         ; </h>
  117 000000C0                 IF               :LNOT::DEF:NO_CRP
  118 000000C0                 AREA             |.ARM.__at_0x02FC|, CODE, READO
NLY



ARM Macro Assembler    Page 4 


  119 00000000 FFFFFFFF        DCD              0xFFFFFFFF
  120 00000004                 ENDIF
  121 00000004         
  122 00000004                 AREA             |.text|, CODE, READONLY
  123 00000000         
  124 00000000         
  125 00000000         ; Reset Handler
  126 00000000         
  127 00000000         Reset_Handler
                               PROC
  128 00000000                 EXPORT           Reset_Handler             [WEAK
]
  129 00000000                 IMPORT           SystemInit
  130 00000000                 IMPORT           __main
  131 00000000 4805            LDR              R0, =SystemInit
  132 00000002 4780            BLX              R0
  133 00000004 4805            LDR              R0, =__main
  134 00000006 4700            BX               R0
  135 00000008                 ENDP
  136 00000008         
  137 00000008         
  138 00000008         ; Dummy Exception Handlers (infinite loops which can be 
                       modified)
  139 00000008         
  140 00000008         NMI_Handler
                               PROC
  141 00000008                 EXPORT           NMI_Handler               [WEAK
]
  142 00000008 E7FE            B                .
  143 0000000A                 ENDP
  145 0000000A         HardFault_Handler
                               PROC
  146 0000000A                 EXPORT           HardFault_Handler         [WEAK
]
  147 0000000A E7FE            B                .
  148 0000000C                 ENDP
  149 0000000C         SVC_Handler
                               PROC
  150 0000000C                 EXPORT           SVC_Handler               [WEAK
]
  151 0000000C E7FE            B                .
  152 0000000E                 ENDP
  153 0000000E         PendSV_Handler
                               PROC
  154 0000000E                 EXPORT           PendSV_Handler            [WEAK
]
  155 0000000E E7FE            B                .
  156 00000010                 ENDP
  157 00000010         SysTick_Handler
                               PROC
  158 00000010                 EXPORT           SysTick_Handler           [WEAK
]
  159 00000010 E7FE            B                .
  160 00000012                 ENDP
  161 00000012         Reserved_IRQHandler
                               PROC
  162 00000012                 EXPORT           Reserved_IRQHandler       [WEAK
]
  163 00000012 E7FE            B                .



ARM Macro Assembler    Page 5 


  164 00000014                 ENDP
  165 00000014         
  166 00000014         Default_Handler
                               PROC
  167 00000014                 EXPORT           FLEX_INT0_IRQHandler      [WEAK
]
  168 00000014                 EXPORT           FLEX_INT1_IRQHandler      [WEAK
]
  169 00000014                 EXPORT           FLEX_INT2_IRQHandler      [WEAK
]
  170 00000014                 EXPORT           FLEX_INT3_IRQHandler      [WEAK
]
  171 00000014                 EXPORT           FLEX_INT4_IRQHandler      [WEAK
]
  172 00000014                 EXPORT           FLEX_INT5_IRQHandler      [WEAK
]
  173 00000014                 EXPORT           FLEX_INT6_IRQHandler      [WEAK
]
  174 00000014                 EXPORT           FLEX_INT7_IRQHandler      [WEAK
]
  175 00000014                 EXPORT           GINT0_IRQHandler          [WEAK
]
  176 00000014                 EXPORT           GINT1_IRQHandler          [WEAK
]
  177 00000014                 EXPORT           SSP1_IRQHandler           [WEAK
]
  178 00000014                 EXPORT           I2C_IRQHandler            [WEAK
]
  179 00000014                 EXPORT           TIMER16_0_IRQHandler      [WEAK
]
  180 00000014                 EXPORT           TIMER16_1_IRQHandler      [WEAK
]
  181 00000014                 EXPORT           TIMER32_0_IRQHandler      [WEAK
]
  182 00000014                 EXPORT           TIMER32_1_IRQHandler      [WEAK
]
  183 00000014                 EXPORT           SSP0_IRQHandler           [WEAK
]
  184 00000014                 EXPORT           UART_IRQHandler           [WEAK
]
  185 00000014                 EXPORT           USB_IRQHandler            [WEAK
]
  186 00000014                 EXPORT           USB_FIQHandler            [WEAK
]
  187 00000014                 EXPORT           ADC_IRQHandler            [WEAK
]
  188 00000014                 EXPORT           WDT_IRQHandler            [WEAK
]
  189 00000014                 EXPORT           BOD_IRQHandler            [WEAK
]
  190 00000014                 EXPORT           FMC_IRQHandler            [WEAK
]
  191 00000014                 EXPORT           USBWakeup_IRQHandler      [WEAK
]
  192 00000014                 EXPORT           IOH_IRQHandler            [WEAK
]
  193 00000014         
  194 00000014         FLEX_INT0_IRQHandler
  195 00000014         FLEX_INT1_IRQHandler



ARM Macro Assembler    Page 6 


  196 00000014         FLEX_INT2_IRQHandler
  197 00000014         FLEX_INT3_IRQHandler
  198 00000014         FLEX_INT4_IRQHandler
  199 00000014         FLEX_INT5_IRQHandler
  200 00000014         FLEX_INT6_IRQHandler
  201 00000014         FLEX_INT7_IRQHandler
  202 00000014         GINT0_IRQHandler
  203 00000014         GINT1_IRQHandler
  204 00000014         SSP1_IRQHandler
  205 00000014         I2C_IRQHandler
  206 00000014         TIMER16_0_IRQHandler
  207 00000014         TIMER16_1_IRQHandler
  208 00000014         TIMER32_0_IRQHandler
  209 00000014         TIMER32_1_IRQHandler
  210 00000014         SSP0_IRQHandler
  211 00000014         UART_IRQHandler
  212 00000014         USB_IRQHandler
  213 00000014         USB_FIQHandler
  214 00000014         ADC_IRQHandler
  215 00000014         WDT_IRQHandler
  216 00000014         BOD_IRQHandler
  217 00000014         FMC_IRQHandler
  218 00000014         USBWakeup_IRQHandler
  219 00000014         IOH_IRQHandler
  220 00000014         
  221 00000014 E7FE            B                .
  222 00000016         
  223 00000016                 ENDP
  224 00000016         
  225 00000016         
  226 00000016 00 00           ALIGN
  227 00000018         
  228 00000018         
  229 00000018         ; User Initial Stack & Heap
  230 00000018         
  231 00000018                 IF               :DEF:__MICROLIB
  232 00000018         
  233 00000018                 EXPORT           __initial_sp
  234 00000018                 EXPORT           __heap_base
  235 00000018                 EXPORT           __heap_limit
  236 00000018         
  237 00000018                 ELSE
  251                          ENDIF
  252 00000018         
  253 00000018         
  254 00000018                 END
              00000000 
              00000000 
Command Line: --debug --xref --cpu=Cortex-M0+ --apcs=interwork --depend=.\start
up_lpc11uxx.d -o.\startup_lpc11uxx.o -IC:\Users\Michael\Zeebo\MotorController\R
TE -IC:\Keil_v5\ARM\PACK\ARM\CMSIS\4.2.0\CMSIS\Include -IC:\Keil_v5\ARM\PACK\Ke
il\LPC1100_DFP\1.2.0\Device\Include\LPC11Uxx --predefine="__EVAL SETA 1" --pred
efine="__MICROLIB SETA 1" --predefine="__UVISION_VERSION SETA 513" --predefine=
"_RTE_ SETA 1" --list=.\startup_lpc11uxx.lst RTE\Device\LPC11U24FBD64_401\start
up_LPC11Uxx.s



ARM Macro Assembler    Page 1 Alphabetic symbol ordering
Relocatable symbols

STACK 00000000

Symbol: STACK
   Definitions
      At line 33 in file RTE\Device\LPC11U24FBD64_401\startup_LPC11Uxx.s
   Uses
      None
Comment: STACK unused
Stack_Mem 00000000

Symbol: Stack_Mem
   Definitions
      At line 34 in file RTE\Device\LPC11U24FBD64_401\startup_LPC11Uxx.s
   Uses
      None
Comment: Stack_Mem unused
__initial_sp 00000200

Symbol: __initial_sp
   Definitions
      At line 35 in file RTE\Device\LPC11U24FBD64_401\startup_LPC11Uxx.s
   Uses
      At line 59 in file RTE\Device\LPC11U24FBD64_401\startup_LPC11Uxx.s
      At line 233 in file RTE\Device\LPC11U24FBD64_401\startup_LPC11Uxx.s

3 symbols



ARM Macro Assembler    Page 1 Alphabetic symbol ordering
Relocatable symbols

HEAP 00000000

Symbol: HEAP
   Definitions
      At line 44 in file RTE\Device\LPC11U24FBD64_401\startup_LPC11Uxx.s
   Uses
      None
Comment: HEAP unused
Heap_Mem 00000000

Symbol: Heap_Mem
   Definitions
      At line 46 in file RTE\Device\LPC11U24FBD64_401\startup_LPC11Uxx.s
   Uses
      None
Comment: Heap_Mem unused
__heap_base 00000000

Symbol: __heap_base
   Definitions
      At line 45 in file RTE\Device\LPC11U24FBD64_401\startup_LPC11Uxx.s
   Uses
      At line 234 in file RTE\Device\LPC11U24FBD64_401\startup_LPC11Uxx.s
Comment: __heap_base used once
__heap_limit 00000000

Symbol: __heap_limit
   Definitions
      At line 47 in file RTE\Device\LPC11U24FBD64_401\startup_LPC11Uxx.s
   Uses
      At line 235 in file RTE\Device\LPC11U24FBD64_401\startup_LPC11Uxx.s
Comment: __heap_limit used once
4 symbols



ARM Macro Assembler    Page 1 Alphabetic symbol ordering
Relocatable symbols

RESET 00000000

Symbol: RESET
   Definitions
      At line 56 in file RTE\Device\LPC11U24FBD64_401\startup_LPC11Uxx.s
   Uses
      None
Comment: RESET unused
__Vectors 00000000

Symbol: __Vectors
   Definitions
      At line 59 in file RTE\Device\LPC11U24FBD64_401\startup_LPC11Uxx.s
   Uses
      At line 57 in file RTE\Device\LPC11U24FBD64_401\startup_LPC11Uxx.s
Comment: __Vectors used once
2 symbols



ARM Macro Assembler    Page 1 Alphabetic symbol ordering
Relocatable symbols

.ARM.__at_0x02FC 00000000

Symbol: .ARM.__at_0x02FC
   Definitions
      At line 118 in file RTE\Device\LPC11U24FBD64_401\startup_LPC11Uxx.s
   Uses
      None
Comment: .ARM.__at_0x02FC unused
1 symbol



ARM Macro Assembler    Page 1 Alphabetic symbol ordering
Relocatable symbols

.text 00000000

Symbol: .text
   Definitions
      At line 122 in file RTE\Device\LPC11U24FBD64_401\startup_LPC11Uxx.s
   Uses
      None
Comment: .text unused
ADC_IRQHandler 00000014

Symbol: ADC_IRQHandler
   Definitions
      At line 214 in file RTE\Device\LPC11U24FBD64_401\startup_LPC11Uxx.s
   Uses
      At line 101 in file RTE\Device\LPC11U24FBD64_401\startup_LPC11Uxx.s
      At line 187 in file RTE\Device\LPC11U24FBD64_401\startup_LPC11Uxx.s

BOD_IRQHandler 00000014

Symbol: BOD_IRQHandler
   Definitions
      At line 216 in file RTE\Device\LPC11U24FBD64_401\startup_LPC11Uxx.s
   Uses
      At line 103 in file RTE\Device\LPC11U24FBD64_401\startup_LPC11Uxx.s
      At line 189 in file RTE\Device\LPC11U24FBD64_401\startup_LPC11Uxx.s

Default_Handler 00000014

Symbol: Default_Handler
   Definitions
      At line 166 in file RTE\Device\LPC11U24FBD64_401\startup_LPC11Uxx.s
   Uses
      None
Comment: Default_Handler unused
FLEX_INT0_IRQHandler 00000014

Symbol: FLEX_INT0_IRQHandler
   Definitions
      At line 194 in file RTE\Device\LPC11U24FBD64_401\startup_LPC11Uxx.s
   Uses
      At line 77 in file RTE\Device\LPC11U24FBD64_401\startup_LPC11Uxx.s
      At line 167 in file RTE\Device\LPC11U24FBD64_401\startup_LPC11Uxx.s

FLEX_INT1_IRQHandler 00000014

Symbol: FLEX_INT1_IRQHandler
   Definitions
      At line 195 in file RTE\Device\LPC11U24FBD64_401\startup_LPC11Uxx.s
   Uses
      At line 78 in file RTE\Device\LPC11U24FBD64_401\startup_LPC11Uxx.s
      At line 168 in file RTE\Device\LPC11U24FBD64_401\startup_LPC11Uxx.s

FLEX_INT2_IRQHandler 00000014

Symbol: FLEX_INT2_IRQHandler
   Definitions
      At line 196 in file RTE\Device\LPC11U24FBD64_401\startup_LPC11Uxx.s
   Uses
      At line 79 in file RTE\Device\LPC11U24FBD64_401\startup_LPC11Uxx.s



ARM Macro Assembler    Page 2 Alphabetic symbol ordering
Relocatable symbols

      At line 169 in file RTE\Device\LPC11U24FBD64_401\startup_LPC11Uxx.s

FLEX_INT3_IRQHandler 00000014

Symbol: FLEX_INT3_IRQHandler
   Definitions
      At line 197 in file RTE\Device\LPC11U24FBD64_401\startup_LPC11Uxx.s
   Uses
      At line 80 in file RTE\Device\LPC11U24FBD64_401\startup_LPC11Uxx.s
      At line 170 in file RTE\Device\LPC11U24FBD64_401\startup_LPC11Uxx.s

FLEX_INT4_IRQHandler 00000014

Symbol: FLEX_INT4_IRQHandler
   Definitions
      At line 198 in file RTE\Device\LPC11U24FBD64_401\startup_LPC11Uxx.s
   Uses
      At line 81 in file RTE\Device\LPC11U24FBD64_401\startup_LPC11Uxx.s
      At line 171 in file RTE\Device\LPC11U24FBD64_401\startup_LPC11Uxx.s

FLEX_INT5_IRQHandler 00000014

Symbol: FLEX_INT5_IRQHandler
   Definitions
      At line 199 in file RTE\Device\LPC11U24FBD64_401\startup_LPC11Uxx.s
   Uses
      At line 82 in file RTE\Device\LPC11U24FBD64_401\startup_LPC11Uxx.s
      At line 172 in file RTE\Device\LPC11U24FBD64_401\startup_LPC11Uxx.s

FLEX_INT6_IRQHandler 00000014

Symbol: FLEX_INT6_IRQHandler
   Definitions
      At line 200 in file RTE\Device\LPC11U24FBD64_401\startup_LPC11Uxx.s
   Uses
      At line 83 in file RTE\Device\LPC11U24FBD64_401\startup_LPC11Uxx.s
      At line 173 in file RTE\Device\LPC11U24FBD64_401\startup_LPC11Uxx.s

FLEX_INT7_IRQHandler 00000014

Symbol: FLEX_INT7_IRQHandler
   Definitions
      At line 201 in file RTE\Device\LPC11U24FBD64_401\startup_LPC11Uxx.s
   Uses
      At line 84 in file RTE\Device\LPC11U24FBD64_401\startup_LPC11Uxx.s
      At line 174 in file RTE\Device\LPC11U24FBD64_401\startup_LPC11Uxx.s

FMC_IRQHandler 00000014

Symbol: FMC_IRQHandler
   Definitions
      At line 217 in file RTE\Device\LPC11U24FBD64_401\startup_LPC11Uxx.s
   Uses
      At line 104 in file RTE\Device\LPC11U24FBD64_401\startup_LPC11Uxx.s
      At line 190 in file RTE\Device\LPC11U24FBD64_401\startup_LPC11Uxx.s

GINT0_IRQHandler 00000014

Symbol: GINT0_IRQHandler



ARM Macro Assembler    Page 3 Alphabetic symbol ordering
Relocatable symbols

   Definitions
      At line 202 in file RTE\Device\LPC11U24FBD64_401\startup_LPC11Uxx.s
   Uses
      At line 85 in file RTE\Device\LPC11U24FBD64_401\startup_LPC11Uxx.s
      At line 175 in file RTE\Device\LPC11U24FBD64_401\startup_LPC11Uxx.s

GINT1_IRQHandler 00000014

Symbol: GINT1_IRQHandler
   Definitions
      At line 203 in file RTE\Device\LPC11U24FBD64_401\startup_LPC11Uxx.s
   Uses
      At line 86 in file RTE\Device\LPC11U24FBD64_401\startup_LPC11Uxx.s
      At line 176 in file RTE\Device\LPC11U24FBD64_401\startup_LPC11Uxx.s

HardFault_Handler 0000000A

Symbol: HardFault_Handler
   Definitions
      At line 145 in file RTE\Device\LPC11U24FBD64_401\startup_LPC11Uxx.s
   Uses
      At line 62 in file RTE\Device\LPC11U24FBD64_401\startup_LPC11Uxx.s
      At line 146 in file RTE\Device\LPC11U24FBD64_401\startup_LPC11Uxx.s

I2C_IRQHandler 00000014

Symbol: I2C_IRQHandler
   Definitions
      At line 205 in file RTE\Device\LPC11U24FBD64_401\startup_LPC11Uxx.s
   Uses
      At line 92 in file RTE\Device\LPC11U24FBD64_401\startup_LPC11Uxx.s
      At line 178 in file RTE\Device\LPC11U24FBD64_401\startup_LPC11Uxx.s

IOH_IRQHandler 00000014

Symbol: IOH_IRQHandler
   Definitions
      At line 219 in file RTE\Device\LPC11U24FBD64_401\startup_LPC11Uxx.s
   Uses
      At line 108 in file RTE\Device\LPC11U24FBD64_401\startup_LPC11Uxx.s
      At line 192 in file RTE\Device\LPC11U24FBD64_401\startup_LPC11Uxx.s

NMI_Handler 00000008

Symbol: NMI_Handler
   Definitions
      At line 140 in file RTE\Device\LPC11U24FBD64_401\startup_LPC11Uxx.s
   Uses
      At line 61 in file RTE\Device\LPC11U24FBD64_401\startup_LPC11Uxx.s
      At line 141 in file RTE\Device\LPC11U24FBD64_401\startup_LPC11Uxx.s

PendSV_Handler 0000000E

Symbol: PendSV_Handler
   Definitions
      At line 153 in file RTE\Device\LPC11U24FBD64_401\startup_LPC11Uxx.s
   Uses
      At line 73 in file RTE\Device\LPC11U24FBD64_401\startup_LPC11Uxx.s
      At line 154 in file RTE\Device\LPC11U24FBD64_401\startup_LPC11Uxx.s



ARM Macro Assembler    Page 4 Alphabetic symbol ordering
Relocatable symbols


Reserved_IRQHandler 00000012

Symbol: Reserved_IRQHandler
   Definitions
      At line 161 in file RTE\Device\LPC11U24FBD64_401\startup_LPC11Uxx.s
   Uses
      At line 87 in file RTE\Device\LPC11U24FBD64_401\startup_LPC11Uxx.s
      At line 88 in file RTE\Device\LPC11U24FBD64_401\startup_LPC11Uxx.s
      At line 89 in file RTE\Device\LPC11U24FBD64_401\startup_LPC11Uxx.s
      At line 90 in file RTE\Device\LPC11U24FBD64_401\startup_LPC11Uxx.s
      At line 105 in file RTE\Device\LPC11U24FBD64_401\startup_LPC11Uxx.s
      At line 106 in file RTE\Device\LPC11U24FBD64_401\startup_LPC11Uxx.s
      At line 162 in file RTE\Device\LPC11U24FBD64_401\startup_LPC11Uxx.s

Reset_Handler 00000000

Symbol: Reset_Handler
   Definitions
      At line 127 in file RTE\Device\LPC11U24FBD64_401\startup_LPC11Uxx.s
   Uses
      At line 60 in file RTE\Device\LPC11U24FBD64_401\startup_LPC11Uxx.s
      At line 128 in file RTE\Device\LPC11U24FBD64_401\startup_LPC11Uxx.s

SSP0_IRQHandler 00000014

Symbol: SSP0_IRQHandler
   Definitions
      At line 210 in file RTE\Device\LPC11U24FBD64_401\startup_LPC11Uxx.s
   Uses
      At line 97 in file RTE\Device\LPC11U24FBD64_401\startup_LPC11Uxx.s
      At line 183 in file RTE\Device\LPC11U24FBD64_401\startup_LPC11Uxx.s

SSP1_IRQHandler 00000014

Symbol: SSP1_IRQHandler
   Definitions
      At line 204 in file RTE\Device\LPC11U24FBD64_401\startup_LPC11Uxx.s
   Uses
      At line 91 in file RTE\Device\LPC11U24FBD64_401\startup_LPC11Uxx.s
      At line 177 in file RTE\Device\LPC11U24FBD64_401\startup_LPC11Uxx.s

SVC_Handler 0000000C

Symbol: SVC_Handler
   Definitions
      At line 149 in file RTE\Device\LPC11U24FBD64_401\startup_LPC11Uxx.s
   Uses
      At line 70 in file RTE\Device\LPC11U24FBD64_401\startup_LPC11Uxx.s
      At line 150 in file RTE\Device\LPC11U24FBD64_401\startup_LPC11Uxx.s

SysTick_Handler 00000010

Symbol: SysTick_Handler
   Definitions
      At line 157 in file RTE\Device\LPC11U24FBD64_401\startup_LPC11Uxx.s
   Uses
      At line 74 in file RTE\Device\LPC11U24FBD64_401\startup_LPC11Uxx.s
      At line 158 in file RTE\Device\LPC11U24FBD64_401\startup_LPC11Uxx.s



ARM Macro Assembler    Page 5 Alphabetic symbol ordering
Relocatable symbols


TIMER16_0_IRQHandler 00000014

Symbol: TIMER16_0_IRQHandler
   Definitions
      At line 206 in file RTE\Device\LPC11U24FBD64_401\startup_LPC11Uxx.s
   Uses
      At line 93 in file RTE\Device\LPC11U24FBD64_401\startup_LPC11Uxx.s
      At line 179 in file RTE\Device\LPC11U24FBD64_401\startup_LPC11Uxx.s

TIMER16_1_IRQHandler 00000014

Symbol: TIMER16_1_IRQHandler
   Definitions
      At line 207 in file RTE\Device\LPC11U24FBD64_401\startup_LPC11Uxx.s
   Uses
      At line 94 in file RTE\Device\LPC11U24FBD64_401\startup_LPC11Uxx.s
      At line 180 in file RTE\Device\LPC11U24FBD64_401\startup_LPC11Uxx.s

TIMER32_0_IRQHandler 00000014

Symbol: TIMER32_0_IRQHandler
   Definitions
      At line 208 in file RTE\Device\LPC11U24FBD64_401\startup_LPC11Uxx.s
   Uses
      At line 95 in file RTE\Device\LPC11U24FBD64_401\startup_LPC11Uxx.s
      At line 181 in file RTE\Device\LPC11U24FBD64_401\startup_LPC11Uxx.s

TIMER32_1_IRQHandler 00000014

Symbol: TIMER32_1_IRQHandler
   Definitions
      At line 209 in file RTE\Device\LPC11U24FBD64_401\startup_LPC11Uxx.s
   Uses
      At line 96 in file RTE\Device\LPC11U24FBD64_401\startup_LPC11Uxx.s
      At line 182 in file RTE\Device\LPC11U24FBD64_401\startup_LPC11Uxx.s

UART_IRQHandler 00000014

Symbol: UART_IRQHandler
   Definitions
      At line 211 in file RTE\Device\LPC11U24FBD64_401\startup_LPC11Uxx.s
   Uses
      At line 98 in file RTE\Device\LPC11U24FBD64_401\startup_LPC11Uxx.s
      At line 184 in file RTE\Device\LPC11U24FBD64_401\startup_LPC11Uxx.s

USBWakeup_IRQHandler 00000014

Symbol: USBWakeup_IRQHandler
   Definitions
      At line 218 in file RTE\Device\LPC11U24FBD64_401\startup_LPC11Uxx.s
   Uses
      At line 107 in file RTE\Device\LPC11U24FBD64_401\startup_LPC11Uxx.s
      At line 191 in file RTE\Device\LPC11U24FBD64_401\startup_LPC11Uxx.s

USB_FIQHandler 00000014

Symbol: USB_FIQHandler
   Definitions



ARM Macro Assembler    Page 6 Alphabetic symbol ordering
Relocatable symbols

      At line 213 in file RTE\Device\LPC11U24FBD64_401\startup_LPC11Uxx.s
   Uses
      At line 100 in file RTE\Device\LPC11U24FBD64_401\startup_LPC11Uxx.s
      At line 186 in file RTE\Device\LPC11U24FBD64_401\startup_LPC11Uxx.s

USB_IRQHandler 00000014

Symbol: USB_IRQHandler
   Definitions
      At line 212 in file RTE\Device\LPC11U24FBD64_401\startup_LPC11Uxx.s
   Uses
      At line 99 in file RTE\Device\LPC11U24FBD64_401\startup_LPC11Uxx.s
      At line 185 in file RTE\Device\LPC11U24FBD64_401\startup_LPC11Uxx.s

WDT_IRQHandler 00000014

Symbol: WDT_IRQHandler
   Definitions
      At line 215 in file RTE\Device\LPC11U24FBD64_401\startup_LPC11Uxx.s
   Uses
      At line 102 in file RTE\Device\LPC11U24FBD64_401\startup_LPC11Uxx.s
      At line 188 in file RTE\Device\LPC11U24FBD64_401\startup_LPC11Uxx.s

35 symbols



ARM Macro Assembler    Page 1 Alphabetic symbol ordering
Absolute symbols

Heap_Size 00000000

Symbol: Heap_Size
   Definitions
      At line 42 in file RTE\Device\LPC11U24FBD64_401\startup_LPC11Uxx.s
   Uses
      At line 46 in file RTE\Device\LPC11U24FBD64_401\startup_LPC11Uxx.s
Comment: Heap_Size used once
Stack_Size 00000200

Symbol: Stack_Size
   Definitions
      At line 31 in file RTE\Device\LPC11U24FBD64_401\startup_LPC11Uxx.s
   Uses
      At line 34 in file RTE\Device\LPC11U24FBD64_401\startup_LPC11Uxx.s
Comment: Stack_Size used once
2 symbols



ARM Macro Assembler    Page 1 Alphabetic symbol ordering
External symbols

SystemInit 00000000

Symbol: SystemInit
   Definitions
      At line 129 in file RTE\Device\LPC11U24FBD64_401\startup_LPC11Uxx.s
   Uses
      At line 131 in file RTE\Device\LPC11U24FBD64_401\startup_LPC11Uxx.s
Comment: SystemInit used once
__main 00000000

Symbol: __main
   Definitions
      At line 130 in file RTE\Device\LPC11U24FBD64_401\startup_LPC11Uxx.s
   Uses
      At line 133 in file RTE\Device\LPC11U24FBD64_401\startup_LPC11Uxx.s
Comment: __main used once
2 symbols
387 symbols in table
